{"/Users/samichanane/Documents/DEMO/server.js": {"path":"/Users/samichanane/Documents/DEMO/server.js","all":true,"statementMap":{"0":{"start":{"line":1,"column":0},"end":{"line":1,"column":30}},"1":{"start":{"line":2,"column":0},"end":{"line":2,"column":0}},"2":{"start":{"line":3,"column":0},"end":{"line":3,"column":22}},"3":{"start":{"line":4,"column":0},"end":{"line":4,"column":18}},"4":{"start":{"line":5,"column":0},"end":{"line":5,"column":0}},"5":{"start":{"line":6,"column":0},"end":{"line":6,"column":33}},"6":{"start":{"line":7,"column":0},"end":{"line":7,"column":0}},"7":{"start":{"line":8,"column":0},"end":{"line":8,"column":28}},"8":{"start":{"line":9,"column":0},"end":{"line":9,"column":63}},"9":{"start":{"line":10,"column":0},"end":{"line":10,"column":3}},"10":{"start":{"line":11,"column":0},"end":{"line":11,"column":0}},"11":{"start":{"line":12,"column":0},"end":{"line":12,"column":24}},"12":{"start":{"line":13,"column":0},"end":{"line":13,"column":69}},"13":{"start":{"line":14,"column":0},"end":{"line":14,"column":3}}},"s":{"0":0,"1":0,"2":0,"3":0,"4":0,"5":0,"6":0,"7":0,"8":0,"9":0,"10":0,"11":0,"12":0,"13":0},"branchMap":{"0":{"type":"branch","line":1,"loc":{"start":{"line":1,"column":0},"end":{"line":14,"column":-109}},"locations":[{"start":{"line":1,"column":0},"end":{"line":14,"column":-109}}]}},"b":{"0":[0]},"fnMap":{"0":{"name":"(empty-report)","decl":{"start":{"line":1,"column":0},"end":{"line":14,"column":-109}},"loc":{"start":{"line":1,"column":0},"end":{"line":14,"column":-109}},"line":1}},"f":{"0":0}}
,"/Users/samichanane/Documents/DEMO/src/functions.js": {"path":"/Users/samichanane/Documents/DEMO/src/functions.js","all":false,"statementMap":{"1":{"start":{"line":2,"column":0},"end":{"line":2,"column":30}},"2":{"start":{"line":3,"column":0},"end":{"line":3,"column":63}},"3":{"start":{"line":4,"column":0},"end":{"line":4,"column":63}},"4":{"start":{"line":5,"column":0},"end":{"line":5,"column":35}},"5":{"start":{"line":6,"column":0},"end":{"line":6,"column":81}},"6":{"start":{"line":7,"column":0},"end":{"line":7,"column":18}},"7":{"start":{"line":8,"column":0},"end":{"line":8,"column":3}},"8":{"start":{"line":9,"column":0},"end":{"line":9,"column":22}},"9":{"start":{"line":10,"column":0},"end":{"line":10,"column":1}},"11":{"start":{"line":12,"column":0},"end":{"line":12,"column":27}},"12":{"start":{"line":13,"column":0},"end":{"line":13,"column":15}},"13":{"start":{"line":14,"column":0},"end":{"line":14,"column":1}},"15":{"start":{"line":16,"column":0},"end":{"line":16,"column":32}},"16":{"start":{"line":17,"column":0},"end":{"line":17,"column":15}},"17":{"start":{"line":18,"column":0},"end":{"line":18,"column":1}},"19":{"start":{"line":20,"column":0},"end":{"line":20,"column":32}},"20":{"start":{"line":21,"column":0},"end":{"line":21,"column":15}},"21":{"start":{"line":22,"column":0},"end":{"line":22,"column":1}},"23":{"start":{"line":24,"column":0},"end":{"line":24,"column":30}},"24":{"start":{"line":25,"column":0},"end":{"line":25,"column":51}},"25":{"start":{"line":26,"column":0},"end":{"line":26,"column":1}},"27":{"start":{"line":28,"column":0},"end":{"line":28,"column":42}},"28":{"start":{"line":29,"column":0},"end":{"line":29,"column":31}},"29":{"start":{"line":30,"column":0},"end":{"line":30,"column":23}},"30":{"start":{"line":31,"column":0},"end":{"line":31,"column":95}},"31":{"start":{"line":32,"column":0},"end":{"line":32,"column":1}}},"s":{"1":1,"2":0,"3":0,"4":0,"5":0,"6":0,"7":0,"8":0,"9":0,"11":1,"12":5,"13":5,"15":1,"16":5,"17":5,"19":1,"20":5,"21":5,"23":1,"24":5,"25":5,"27":1,"28":0,"29":0,"30":0,"31":0},"branchMap":{"0":{"type":"branch","line":12,"loc":{"start":{"line":12,"column":7},"end":{"line":14,"column":1}},"locations":[{"start":{"line":12,"column":7},"end":{"line":14,"column":1}}]},"1":{"type":"branch","line":16,"loc":{"start":{"line":16,"column":7},"end":{"line":18,"column":1}},"locations":[{"start":{"line":16,"column":7},"end":{"line":18,"column":1}}]},"2":{"type":"branch","line":20,"loc":{"start":{"line":20,"column":7},"end":{"line":22,"column":1}},"locations":[{"start":{"line":20,"column":7},"end":{"line":22,"column":1}}]},"3":{"type":"branch","line":24,"loc":{"start":{"line":24,"column":7},"end":{"line":26,"column":1}},"locations":[{"start":{"line":24,"column":7},"end":{"line":26,"column":1}}]},"4":{"type":"branch","line":25,"loc":{"start":{"line":25,"column":17},"end":{"line":25,"column":24}},"locations":[{"start":{"line":25,"column":17},"end":{"line":25,"column":24}}]},"5":{"type":"branch","line":25,"loc":{"start":{"line":25,"column":25},"end":{"line":25,"column":50}},"locations":[{"start":{"line":25,"column":25},"end":{"line":25,"column":50}}]}},"b":{"0":[5],"1":[5],"2":[5],"3":[5],"4":[4],"5":[1]},"fnMap":{"0":{"name":"getNumbers","decl":{"start":{"line":2,"column":7},"end":{"line":10,"column":1}},"loc":{"start":{"line":2,"column":7},"end":{"line":10,"column":1}},"line":2},"1":{"name":"add","decl":{"start":{"line":12,"column":7},"end":{"line":14,"column":1}},"loc":{"start":{"line":12,"column":7},"end":{"line":14,"column":1}},"line":12},"2":{"name":"subtract","decl":{"start":{"line":16,"column":7},"end":{"line":18,"column":1}},"loc":{"start":{"line":16,"column":7},"end":{"line":18,"column":1}},"line":16},"3":{"name":"multiply","decl":{"start":{"line":20,"column":7},"end":{"line":22,"column":1}},"loc":{"start":{"line":20,"column":7},"end":{"line":22,"column":1}},"line":20},"4":{"name":"divide","decl":{"start":{"line":24,"column":7},"end":{"line":26,"column":1}},"loc":{"start":{"line":24,"column":7},"end":{"line":26,"column":1}},"line":24},"5":{"name":"displayResult","decl":{"start":{"line":28,"column":7},"end":{"line":32,"column":1}},"loc":{"start":{"line":28,"column":7},"end":{"line":32,"column":1}},"line":28}},"f":{"0":0,"1":5,"2":5,"3":5,"4":5,"5":0}}
}
